particle={pos=(-0.560405,-1.799495), vel=(-0.040915,-4.212883)}
particle={pos=(-0.563225,-1.769345), vel=(0.069543,-3.511120)}
particle={pos=(-0.549538,-1.716721), vel=(0.142596,-2.727236)}
particle={pos=(-0.548210,-1.638279), vel=(0.203496,-2.065974)}
particle={pos=(-0.560781,-1.561945), vel=(0.241125,-1.645529)}
particle={pos=(-0.580546,-1.485051), vel=(0.345640,-1.303813)}
particle={pos=(-0.599862,-1.409340), vel=(0.481416,-0.994477)}
particle={pos=(-0.612041,-1.335266), vel=(0.701191,-0.755467)}
particle={pos=(-0.617637,-1.277757), vel=(1.074127,-0.675493)}
particle={pos=(-0.606046,-1.218348), vel=(1.550277,-0.694948)}
particle={pos=(-0.565570,-1.142076), vel=(2.191901,-0.843689)}
particle={pos=(-0.502287,-1.045163), vel=(2.494241,-1.300677)}
particle={pos=(-0.443257,-0.945151), vel=(2.422723,-1.696428)}
particle={pos=(-0.406366,-0.867283), vel=(2.343139,-1.971005)}
particle={pos=(-0.387674,-0.817342), vel=(2.291877,-2.351199)}
particle={pos=(-0.394116,-0.803732), vel=(2.206365,-2.826537)}
particle={pos=(-0.411894,-0.823137), vel=(2.144561,-3.271097)}
particle={pos=(-0.422988,-0.857897), vel=(2.156084,-3.648039)}
particle={pos=(-0.427560,-0.897722), vel=(2.203364,-3.976038)}
particle={pos=(-0.427753,-0.940684), vel=(2.257686,-4.258928)}
particle={pos=(-0.421383,-0.989623), vel=(2.289112,-4.537987)}
particle={pos=(-0.407680,-1.043277), vel=(2.265108,-4.790864)}
particle={pos=(-0.389859,-1.096865), vel=(2.162578,-4.972619)}
particle={pos=(-0.372289,-1.146168), vel=(2.028346,-5.035063)}
particle={pos=(-0.353150,-1.189814), vel=(1.877198,-4.920228)}
particle={pos=(-0.334755,-1.224368), vel=(1.734215,-4.702678)}
particle={pos=(-0.317791,-1.248264), vel=(1.617149,-4.448803)}
particle={pos=(-0.301078,-1.265797), vel=(1.505431,-4.210179)}
particle={pos=(-0.286605,-1.278036), vel=(1.426317,-4.026026)}
particle={pos=(-0.272987,-1.288692), vel=(1.347696,-3.881733)}
particle={pos=(-0.260803,-1.298275), vel=(1.254068,-3.760448)}
particle={pos=(-0.251810,-1.306208), vel=(1.149618,-3.663739)}
particle={pos=(-0.245424,-1.314044), vel=(1.025497,-3.591552)}
particle={pos=(-0.242122,-1.321710), vel=(0.863298,-3.525890)}
particle={pos=(-0.241056,-1.328417), vel=(0.697118,-3.462632)}
particle={pos=(-0.242250,-1.334183), vel=(0.520081,-3.397532)}
particle={pos=(-0.244556,-1.339952), vel=(0.338434,-3.337185)}
particle={pos=(-0.247760,-1.345621), vel=(0.151365,-3.281492)}
particle={pos=(-0.250454,-1.351092), vel=(-0.016549,-3.236219)}
particle={pos=(-0.253221,-1.357012), vel=(-0.192129,-3.198438)}
particle={pos=(-0.255917,-1.363446), vel=(-0.377835,-3.170470)}
particle={pos=(-0.258033,-1.371769), vel=(-0.567660,-3.152584)}
particle={pos=(-0.259138,-1.381431), vel=(-0.765777,-3.142042)}
particle={pos=(-0.261751,-1.391926), vel=(-0.966177,-3.126340)}
particle={pos=(-0.266673,-1.402841), vel=(-1.169026,-3.105798)}
particle={pos=(-0.273826,-1.414330), vel=(-1.365796,-3.078836)}
particle={pos=(-0.283661,-1.425908), vel=(-1.556039,-3.040927)}
particle={pos=(-0.295335,-1.436516), vel=(-1.730758,-2.993280)}
particle={pos=(-0.309127,-1.444452), vel=(-1.885743,-2.930729)}
particle={pos=(-0.324018,-1.449463), vel=(-2.013882,-2.853547)}
particle={pos=(-0.340185,-1.450840), vel=(-2.104523,-2.762534)}
particle={pos=(-0.356013,-1.447710), vel=(-2.156686,-2.659305)}
particle={pos=(-0.370728,-1.441315), vel=(-2.174745,-2.549447)}
particle={pos=(-0.384101,-1.431917), vel=(-2.165170,-2.437055)}
particle={pos=(-0.395873,-1.420078), vel=(-2.142998,-2.328602)}
particle={pos=(-0.406930,-1.405523), vel=(-2.113103,-2.223365)}
particle={pos=(-0.417570,-1.388566), vel=(-2.080137,-2.125512)}
particle={pos=(-0.427774,-1.369843), vel=(-2.046136,-2.033916)}
particle={pos=(-0.437744,-1.349867), vel=(-2.017333,-1.947086)}
particle={pos=(-0.447241,-1.330317), vel=(-1.996795,-1.862920)}
particle={pos=(-0.456461,-1.311142), vel=(-1.987415,-1.776792)}
particle={pos=(-0.465627,-1.292118), vel=(-1.984988,-1.688590)}
particle={pos=(-0.474928,-1.273183), vel=(-1.989271,-1.612893)}
particle={pos=(-0.484302,-1.254523), vel=(-1.996035,-1.559005)}
particle={pos=(-0.493657,-1.236533), vel=(-1.998484,-1.537206)}
particle={pos=(-0.502648,-1.219656), vel=(-1.990425,-1.540208)}
particle={pos=(-0.511614,-1.203714), vel=(-1.970217,-1.565710)}
particle={pos=(-0.520333,-1.188861), vel=(-1.937612,-1.609584)}
particle={pos=(-0.528608,-1.175043), vel=(-1.888416,-1.674929)}
particle={pos=(-0.536412,-1.162323), vel=(-1.822454,-1.759507)}
particle={pos=(-0.543551,-1.151031), vel=(-1.740880,-1.860199)}
particle={pos=(-0.549926,-1.140787), vel=(-1.641456,-1.973335)}
particle={pos=(-0.555839,-1.131310), vel=(-1.528343,-2.096884)}
particle={pos=(-0.560548,-1.123725), vel=(-1.411594,-2.225081)}
particle={pos=(-0.564207,-1.118064), vel=(-1.293693,-2.351627)}
particle={pos=(-0.566373,-1.114837), vel=(-1.177494,-2.476344)}
particle={pos=(-0.567133,-1.113920), vel=(-1.065911,-2.594787)}
particle={pos=(-0.567790,-1.113912), vel=(-0.952671,-2.706299)}
particle={pos=(-0.568363,-1.114482), vel=(-0.839278,-2.811766)}
particle={pos=(-0.568891,-1.115634), vel=(-0.728949,-2.912296)}
particle={pos=(-0.569273,-1.117539), vel=(-0.621871,-3.007878)}
particle={pos=(-0.569451,-1.119917), vel=(-0.524322,-3.094491)}
particle={pos=(-0.569234,-1.122834), vel=(-0.440873,-3.171738)}
particle={pos=(-0.568487,-1.126684), vel=(-0.369182,-3.240360)}
particle={pos=(-0.567123,-1.131355), vel=(-0.312503,-3.296284)}
particle={pos=(-0.564937,-1.137133), vel=(-0.278629,-3.338084)}
particle={pos=(-0.561843,-1.143659), vel=(-0.267396,-3.358495)}
particle={pos=(-0.557453,-1.150107), vel=(-0.287183,-3.352166)}
particle={pos=(-0.552086,-1.155230), vel=(-0.348320,-3.301475)}
particle={pos=(-0.545649,-1.158584), vel=(-0.480220,-3.191085)}
particle={pos=(-0.536483,-1.160755), vel=(-0.667572,-3.033334)}
particle={pos=(-0.524262,-1.162664), vel=(-0.859157,-2.853833)}
particle={pos=(-0.510703,-1.164278), vel=(-0.997009,-2.684095)}
particle={pos=(-0.496983,-1.164875), vel=(-1.056821,-2.543523)}
particle={pos=(-0.483720,-1.164497), vel=(-1.033296,-2.439873)}
particle={pos=(-0.472080,-1.164225), vel=(-0.962810,-2.367648)}
particle={pos=(-0.462967,-1.164627), vel=(-0.856066,-2.307821)}
particle={pos=(-0.456745,-1.165744), vel=(-0.718446,-2.255667)}
particle={pos=(-0.453138,-1.167593), vel=(-0.570117,-2.218415)}
particle={pos=(-0.450821,-1.169997), vel=(-0.423913,-2.196838)}
particle={pos=(-0.448314,-1.173502), vel=(-0.284140,-2.183891)}
particle={pos=(-0.446295,-1.177491), vel=(-0.152341,-2.182403)}
particle={pos=(-0.444485,-1.181665), vel=(-0.025546,-2.188407)}
particle={pos=(-0.442994,-1.185746), vel=(0.094132,-2.200532)}
particle={pos=(-0.442164,-1.189154), vel=(0.204866,-2.218867)}
particle={pos=(-0.441666,-1.192046), vel=(0.308340,-2.240904)}
particle={pos=(-0.441374,-1.194286), vel=(0.406062,-2.265900)}
particle={pos=(-0.441301,-1.196213), vel=(0.499401,-2.292152)}
particle={pos=(-0.441285,-1.197715), vel=(0.588723,-2.320933)}
particle={pos=(-0.441378,-1.198748), vel=(0.670862,-2.351228)}
particle={pos=(-0.441594,-1.199450), vel=(0.749919,-2.383057)}
particle={pos=(-0.441803,-1.200113), vel=(0.828464,-2.417230)}
particle={pos=(-0.442124,-1.200658), vel=(0.905307,-2.453815)}
particle={pos=(-0.442503,-1.201035), vel=(0.979201,-2.493578)}
particle={pos=(-0.442733,-1.201748), vel=(1.057455,-2.537749)}
particle={pos=(-0.442887,-1.202529), vel=(1.139145,-2.585714)}
particle={pos=(-0.443048,-1.203342), vel=(1.222093,-2.637957)}
particle={pos=(-0.443270,-1.203953), vel=(1.303621,-2.693394)}
particle={pos=(-0.443536,-1.204462), vel=(1.387614,-2.753362)}
particle={pos=(-0.444000,-1.204926), vel=(1.475196,-2.817478)}
particle={pos=(-0.444818,-1.205354), vel=(1.573139,-2.890242)}
particle={pos=(-0.446321,-1.205423), vel=(1.673846,-2.971169)}
particle={pos=(-0.448935,-1.204738), vel=(1.766599,-3.057288)}
particle={pos=(-0.452348,-1.203133), vel=(1.848156,-3.147838)}
particle={pos=(-0.456891,-1.200483), vel=(1.919237,-3.241834)}
particle={pos=(-0.463090,-1.196919), vel=(1.980895,-3.340385)}
particle={pos=(-0.470856,-1.192076), vel=(2.028486,-3.443543)}
particle={pos=(-0.479846,-1.185615), vel=(2.056922,-3.547153)}
particle={pos=(-0.490327,-1.177495), vel=(2.065382,-3.653544)}
particle={pos=(-0.501755,-1.167860), vel=(2.045806,-3.750692)}
particle={pos=(-0.513940,-1.156385), vel=(1.996748,-3.835603)}
particle={pos=(-0.526140,-1.143258), vel=(1.916436,-3.899066)}
particle={pos=(-0.538355,-1.128411), vel=(1.816940,-3.946347)}
particle={pos=(-0.550202,-1.111829), vel=(1.705096,-3.978193)}
particle={pos=(-0.561336,-1.094114), vel=(1.587590,-3.986773)}
particle={pos=(-0.572153,-1.074734), vel=(1.465676,-3.971855)}
particle={pos=(-0.581728,-1.055671), vel=(1.351261,-3.933935)}
particle={pos=(-0.591864,-1.036472), vel=(1.239184,-3.866095)}
particle={pos=(-0.602471,-1.018463), vel=(1.127897,-3.773651)}
particle={pos=(-0.613187,-1.002747), vel=(1.015141,-3.671183)}
particle={pos=(-0.624551,-0.989194), vel=(0.896263,-3.558370)}
particle={pos=(-0.636394,-0.978351), vel=(0.764673,-3.436795)}
particle={pos=(-0.647989,-0.970914), vel=(0.617954,-3.311486)}
particle={pos=(-0.658499,-0.968565), vel=(0.451370,-3.192388)}
particle={pos=(-0.665761,-0.971628), vel=(0.263156,-3.086275)}
particle={pos=(-0.667329,-0.980553), vel=(0.063902,-3.004869)}
particle={pos=(-0.664175,-0.992859), vel=(-0.149151,-2.941350)}
particle={pos=(-0.658919,-1.006653), vel=(-0.376885,-2.886830)}
particle={pos=(-0.653507,-1.021437), vel=(-0.620646,-2.822850)}
particle={pos=(-0.648928,-1.036239), vel=(-0.898381,-2.728281)}
particle={pos=(-0.643366,-1.051006), vel=(-1.221462,-2.584522)}
particle={pos=(-0.633478,-1.066438), vel=(-1.562345,-2.391757)}
particle={pos=(-0.617320,-1.083353), vel=(-1.896530,-2.133049)}
particle={pos=(-0.594667,-1.105077), vel=(-2.204556,-1.814053)}
particle={pos=(-0.566009,-1.134761), vel=(-2.460230,-1.467787)}
particle={pos=(-0.535436,-1.170087), vel=(-2.592247,-1.184366)}
particle={pos=(-0.504933,-1.211040), vel=(-2.577258,-1.018459)}
particle={pos=(-0.476983,-1.256868), vel=(-2.457746,-0.977931)}
particle={pos=(-0.453663,-1.306446), vel=(-2.288803,-1.067343)}
particle={pos=(-0.435683,-1.361520), vel=(-2.163021,-1.211752)}
particle={pos=(-0.423510,-1.418499), vel=(-2.081288,-1.402635)}
particle={pos=(-0.415903,-1.475879), vel=(-2.021302,-1.650029)}
particle={pos=(-0.411729,-1.531431), vel=(-1.978705,-1.935650)}
particle={pos=(-0.410079,-1.578276), vel=(-1.929423,-2.194570)}
particle={pos=(-0.409704,-1.612075), vel=(-1.879847,-2.431394)}
particle={pos=(-0.409189,-1.635175), vel=(-1.839533,-2.652718)}
particle={pos=(-0.406872,-1.653483), vel=(-1.816507,-2.880388)}
particle={pos=(-0.404662,-1.663040), vel=(-1.790040,-3.082244)}
particle={pos=(-0.401631,-1.668028), vel=(-1.763841,-3.277402)}
particle={pos=(-0.398602,-1.669125), vel=(-1.733946,-3.459106)}
particle={pos=(-0.395837,-1.668666), vel=(-1.698352,-3.631318)}
particle={pos=(-0.393048,-1.666221), vel=(-1.658683,-3.790467)}
particle={pos=(-0.390596,-1.662477), vel=(-1.617221,-3.940292)}
particle={pos=(-0.388579,-1.657364), vel=(-1.571327,-4.076304)}
particle={pos=(-0.386301,-1.650625), vel=(-1.527041,-4.215967)}
particle={pos=(-0.383946,-1.642717), vel=(-1.485537,-4.347245)}
particle={pos=(-0.381896,-1.634020), vel=(-1.444528,-4.465550)}
particle={pos=(-0.380053,-1.624819), vel=(-1.399945,-4.578679)}
particle={pos=(-0.377992,-1.614733), vel=(-1.357083,-4.691918)}
particle={pos=(-0.376874,-1.603955), vel=(-1.312531,-4.789846)}
particle={pos=(-0.375521,-1.591779), vel=(-1.276224,-4.893106)}
particle={pos=(-0.375141,-1.577508), vel=(-1.250359,-4.980194)}
particle={pos=(-0.375249,-1.561436), vel=(-1.244738,-5.055850)}
particle={pos=(-0.375444,-1.542153), vel=(-1.264217,-5.121871)}
particle={pos=(-0.375416,-1.521178), vel=(-1.299601,-5.176634)}
particle={pos=(-0.373471,-1.494082), vel=(-1.370983,-5.225343)}
particle={pos=(-0.369288,-1.464286), vel=(-1.451866,-5.266427)}
particle={pos=(-0.361246,-1.429830), vel=(-1.535953,-5.287335)}
particle={pos=(-0.347042,-1.389738), vel=(-1.599445,-5.275437)}
particle={pos=(-0.328804,-1.344640), vel=(-1.605555,-5.199933)}
particle={pos=(-0.306195,-1.296427), vel=(-1.550696,-5.068515)}
particle={pos=(-0.284647,-1.249494), vel=(-1.466657,-4.892531)}
particle={pos=(-0.260573,-1.201325), vel=(-1.353452,-4.671947)}
particle={pos=(-0.237884,-1.156801), vel=(-1.241320,-4.446754)}
particle={pos=(-0.217214,-1.116252), vel=(-1.147450,-4.233222)}
particle={pos=(-0.197398,-1.079042), vel=(-1.063853,-4.036319)}
particle={pos=(-0.178375,-1.043424), vel=(-0.992270,-3.843842)}
particle={pos=(-0.162067,-1.012481), vel=(-0.934323,-3.677859)}
particle={pos=(-0.149938,-0.986166), vel=(-0.888623,-3.535812)}
particle={pos=(-0.139443,-0.962901), vel=(-0.841739,-3.409225)}
particle={pos=(-0.130564,-0.942261), vel=(-0.792884,-3.294058)}
particle={pos=(-0.123244,-0.923381), vel=(-0.740669,-3.190629)}
particle={pos=(-0.118218,-0.906990), vel=(-0.685779,-3.104239)}
particle={pos=(-0.114275,-0.893077), vel=(-0.625921,-3.036742)}
particle={pos=(-0.111512,-0.880458), vel=(-0.563580,-2.980043)}
particle={pos=(-0.107192,-0.868381), vel=(-0.483818,-2.930607)}
particle={pos=(-0.103239,-0.857156), vel=(-0.397243,-2.890903)}
particle={pos=(-0.100277,-0.846435), vel=(-0.307837,-2.853797)}
particle={pos=(-0.096910,-0.835945), vel=(-0.209538,-2.826696)}
particle={pos=(-0.094178,-0.826532), vel=(-0.108046,-2.803047)}
particle={pos=(-0.091425,-0.816930), vel=(0.006791,-2.782315)}
particle={pos=(-0.090521,-0.808400), vel=(0.120708,-2.763057)}
particle={pos=(-0.090614,-0.800907), vel=(0.235793,-2.751619)}
particle={pos=(-0.093931,-0.794305), vel=(0.340716,-2.740915)}
particle={pos=(-0.100096,-0.787907), vel=(0.439036,-2.730663)}
particle={pos=(-0.107920,-0.781591), vel=(0.537222,-2.721955)}
particle={pos=(-0.118090,-0.776110), vel=(0.631404,-2.715747)}
particle={pos=(-0.130221,-0.770307), vel=(0.714761,-2.707082)}
particle={pos=(-0.142274,-0.764281), vel=(0.799228,-2.696566)}
particle={pos=(-0.151930,-0.759151), vel=(0.899093,-2.688783)}
particle={pos=(-0.157069,-0.752930), vel=(1.001158,-2.677821)}
particle={pos=(-0.160312,-0.746740), vel=(1.115207,-2.660488)}
particle={pos=(-0.161811,-0.739461), vel=(1.231605,-2.635963)}
particle={pos=(-0.161977,-0.731139), vel=(1.348181,-2.605134)}
particle={pos=(-0.162040,-0.722462), vel=(1.456756,-2.565475)}
particle={pos=(-0.162153,-0.713446), vel=(1.550410,-2.519063)}
particle={pos=(-0.162997,-0.703954), vel=(1.624918,-2.456935)}
particle={pos=(-0.164011,-0.694637), vel=(1.688566,-2.386988)}
particle={pos=(-0.165799,-0.685249), vel=(1.728423,-2.310233)}
particle={pos=(-0.168137,-0.675321), vel=(1.756566,-2.224836)}
particle={pos=(-0.171838,-0.665862), vel=(1.762197,-2.133205)}
particle={pos=(-0.176149,-0.656385), vel=(1.762721,-2.036713)}
particle={pos=(-0.181121,-0.647239), vel=(1.755711,-1.937734)}
particle={pos=(-0.186830,-0.638776), vel=(1.745808,-1.838757)}
particle={pos=(-0.193484,-0.630593), vel=(1.726033,-1.735091)}
particle={pos=(-0.200177,-0.622288), vel=(1.708615,-1.628886)}
particle={pos=(-0.206638,-0.614305), vel=(1.693721,-1.531308)}
particle={pos=(-0.213570,-0.606469), vel=(1.676069,-1.427635)}
particle={pos=(-0.220092,-0.599281), vel=(1.662327,-1.328863)}
particle={pos=(-0.226224,-0.593060), vel=(1.650060,-1.237080)}
particle={pos=(-0.231713,-0.587482), vel=(1.642232,-1.146096)}
particle={pos=(-0.236001,-0.583721), vel=(1.637712,-1.054654)}
particle={pos=(-0.240050,-0.581298), vel=(1.636222,-0.968108)}
particle={pos=(-0.242786,-0.579552), vel=(1.636026,-0.872994)}
particle={pos=(-0.244823,-0.579882), vel=(1.634634,-0.781589)}
particle={pos=(-0.246542,-0.580893), vel=(1.637881,-0.695853)}
particle={pos=(-0.248759,-0.584791), vel=(1.641359,-0.614591)}
particle={pos=(-0.250399,-0.590386), vel=(1.647329,-0.537956)}
particle={pos=(-0.251720,-0.595984), vel=(1.658092,-0.464456)}
particle={pos=(-0.252025,-0.604787), vel=(1.666521,-0.385158)}
particle={pos=(-0.252852,-0.615369), vel=(1.672561,-0.317187)}
particle={pos=(-0.254216,-0.626670), vel=(1.681424,-0.261353)}
particle={pos=(-0.257760,-0.640583), vel=(1.677611,-0.217794)}
particle={pos=(-0.262024,-0.654890), vel=(1.666888,-0.190256)}
particle={pos=(-0.264774,-0.670196), vel=(1.656648,-0.175471)}
particle={pos=(-0.268145,-0.688101), vel=(1.633585,-0.185446)}
particle={pos=(-0.271951,-0.705802), vel=(1.606877,-0.205555)}
particle={pos=(-0.275823,-0.722503), vel=(1.585513,-0.223279)}
particle={pos=(-0.281328,-0.739993), vel=(1.553120,-0.247874)}
particle={pos=(-0.286775,-0.757519), vel=(1.524289,-0.271591)}
particle={pos=(-0.292120,-0.775021), vel=(1.498769,-0.293683)}
particle={pos=(-0.297798,-0.793443), vel=(1.471397,-0.317778)}
particle={pos=(-0.302594,-0.810881), vel=(1.459302,-0.331865)}
particle={pos=(-0.307511,-0.830249), vel=(1.451361,-0.349027)}
particle={pos=(-0.312601,-0.850525), vel=(1.447709,-0.361665)}
particle={pos=(-0.318699,-0.868352), vel=(1.441421,-0.372332)}
particle={pos=(-0.324221,-0.884526), vel=(1.444689,-0.376184)}
particle={pos=(-0.329704,-0.901622), vel=(1.456059,-0.379249)}
particle={pos=(-0.335080,-0.919425), vel=(1.474331,-0.374286)}
particle={pos=(-0.340570,-0.936368), vel=(1.501550,-0.366655)}
particle={pos=(-0.346469,-0.951687), vel=(1.537479,-0.353890)}
particle={pos=(-0.353230,-0.967335), vel=(1.575666,-0.337224)}
particle={pos=(-0.359777,-0.982792), vel=(1.628953,-0.313063)}
particle={pos=(-0.366510,-1.000511), vel=(1.700287,-0.286173)}
particle={pos=(-0.374421,-1.017740), vel=(1.767650,-0.250537)}
particle={pos=(-0.383213,-1.033572), vel=(1.838963,-0.213005)}
particle={pos=(-0.392574,-1.048979), vel=(1.912509,-0.168769)}
particle={pos=(-0.402791,-1.065449), vel=(1.988833,-0.115865)}
particle={pos=(-0.413527,-1.080294), vel=(2.063119,-0.064706)}
particle={pos=(-0.425690,-1.094085), vel=(2.123037,-0.005620)}
particle={pos=(-0.438640,-1.108895), vel=(2.183625,0.050553)}
particle={pos=(-0.452602,-1.125232), vel=(2.239740,0.096912)}
particle={pos=(-0.467559,-1.141486), vel=(2.278451,0.128518)}
particle={pos=(-0.482998,-1.155855), vel=(2.284497,0.146916)}
particle={pos=(-0.498625,-1.169618), vel=(2.265930,0.155372)}
particle={pos=(-0.514860,-1.184861), vel=(2.219220,0.150950)}
particle={pos=(-0.531247,-1.200067), vel=(2.145714,0.131485)}
particle={pos=(-0.547799,-1.213640), vel=(2.048856,0.103110)}
particle={pos=(-0.563850,-1.227383), vel=(1.933516,0.070504)}
particle={pos=(-0.578639,-1.240112), vel=(1.797580,0.044913)}
particle={pos=(-0.591684,-1.254202), vel=(1.649357,0.024923)}
particle={pos=(-0.598938,-1.270833), vel=(1.478385,0.019579)}
particle={pos=(-0.601360,-1.289740), vel=(1.291255,0.016384)}
particle={pos=(-0.598178,-1.312990), vel=(1.093704,-0.001675)}
particle={pos=(-0.588453,-1.336808), vel=(0.902199,-0.042103)}
particle={pos=(-0.575258,-1.361341), vel=(0.729031,-0.115567)}
particle={pos=(-0.558254,-1.382814), vel=(0.569773,-0.202421)}
particle={pos=(-0.540377,-1.400831), vel=(0.409310,-0.289702)}
particle={pos=(-0.527351,-1.423923), vel=(0.223026,-0.404056)}
particle={pos=(-0.515343,-1.456504), vel=(0.064588,-0.560377)}
particle={pos=(-0.503411,-1.486074), vel=(-0.062165,-0.715047)}
particle={pos=(-0.491786,-1.509225), vel=(-0.195084,-0.864293)}
particle={pos=(-0.479444,-1.529957), vel=(-0.303177,-1.006035)}
particle={pos=(-0.466741,-1.554062), vel=(-0.334381,-1.154312)}
particle={pos=(-0.453926,-1.580120), vel=(-0.351491,-1.297513)}
particle={pos=(-0.440663,-1.604916), vel=(-0.364765,-1.446085)}
particle={pos=(-0.427275,-1.628304), vel=(-0.361194,-1.608807)}
particle={pos=(-0.415202,-1.651524), vel=(-0.316095,-1.782014)}
particle={pos=(-0.403101,-1.674476), vel=(-0.262205,-1.961148)}
particle={pos=(-0.391062,-1.696057), vel=(-0.209922,-2.143502)}
particle={pos=(-0.379650,-1.716209), vel=(-0.166907,-2.324656)}
particle={pos=(-0.369116,-1.737280), vel=(-0.089545,-2.518941)}
particle={pos=(-0.357395,-1.759264), vel=(0.001882,-2.736589)}
particle={pos=(-0.346065,-1.777196), vel=(0.082330,-2.945949)}
particle={pos=(-0.334799,-1.792875), vel=(0.178132,-3.158561)}
particle={pos=(-0.325068,-1.807295), vel=(0.282366,-3.361790)}
particle={pos=(-0.316383,-1.819829), vel=(0.405299,-3.568525)}
particle={pos=(-0.307895,-1.828955), vel=(0.539232,-3.779759)}
particle={pos=(-0.301310,-1.837452), vel=(0.688291,-3.994420)}
particle={pos=(-0.297340,-1.840654), vel=(0.808332,-4.176938)}
particle={pos=(-0.294509,-1.841435), vel=(0.923989,-4.353630)}
particle={pos=(-0.294685,-1.841307), vel=(1.053085,-4.538923)}
particle={pos=(-0.295656,-1.838315), vel=(1.188969,-4.731770)}
particle={pos=(-0.299154,-1.832985), vel=(1.296671,-4.904484)}
particle={pos=(-0.305816,-1.826624), vel=(1.389619,-5.072912)}
particle={pos=(-0.313629,-1.818966), vel=(1.456341,-5.231456)}
particle={pos=(-0.323167,-1.808853), vel=(1.554565,-5.424976)}
particle={pos=(-0.334069,-1.798272), vel=(1.595581,-5.589620)}
particle={pos=(-0.346960,-1.785748), vel=(1.611309,-5.759051)}
particle={pos=(-0.359385,-1.769736), vel=(1.597984,-5.929153)}
particle={pos=(-0.370858,-1.746897), vel=(1.577538,-6.107553)}
particle={pos=(-0.380940,-1.721820), vel=(1.523756,-6.256384)}
particle={pos=(-0.388952,-1.690604), vel=(1.483361,-6.407535)}
particle={pos=(-0.393369,-1.653330), vel=(1.495445,-6.567688)}
particle={pos=(-0.392610,-1.621229), vel=(1.511287,-6.693369)}
particle={pos=(-0.385577,-1.595420), vel=(1.553679,-6.787726)}
particle={pos=(-0.376046,-1.569504), vel=(1.663778,-6.823789)}
particle={pos=(-0.367123,-1.541619), vel=(1.850828,-6.827634)}
particle={pos=(-0.357988,-1.519464), vel=(2.018156,-6.756795)}
particle={pos=(-0.347179,-1.499936), vel=(2.182116,-6.607146)}
particle={pos=(-0.335728,-1.481777), vel=(2.358938,-6.378417)}
particle={pos=(-0.325769,-1.464355), vel=(2.500045,-6.125116)}
particle={pos=(-0.319527,-1.447351), vel=(2.600217,-5.901557)}
particle={pos=(-0.320031,-1.430041), vel=(2.656935,-5.761589)}
particle={pos=(-0.321180,-1.415645), vel=(2.632405,-5.660152)}
particle={pos=(-0.326872,-1.400064), vel=(2.596301,-5.614627)}
particle={pos=(-0.339970,-1.383217), vel=(2.580552,-5.620243)}
particle={pos=(-0.356897,-1.365870), vel=(2.504791,-5.696516)}
particle={pos=(-0.379642,-1.347306), vel=(2.345670,-5.814707)}
particle={pos=(-0.409883,-1.327441), vel=(2.051050,-5.957873)}
particle={pos=(-0.441587,-1.294540), vel=(1.446104,-6.194908)}
particle={pos=(-0.418204,-1.211174), vel=(0.252558,-6.170081)}
particle={pos=(-0.329285,-1.065954), vel=(-0.255743,-5.066715)}
particle={pos=(-0.204357,-0.895034), vel=(-0.117640,-4.099566)}
particle={pos=(-0.088155,-0.713142), vel=(-0.021190,-3.422439)}
particle={pos=(0.012468,-0.569179), vel=(0.656368,-2.503971)}
particle={pos=(0.084810,-0.464416), vel=(1.223725,-1.907586)}
particle={pos=(0.112169,-0.401783), vel=(1.637130,-1.609107)}
particle={pos=(0.093353,-0.357662), vel=(1.995521,-1.475638)}
particle={pos=(0.042795,-0.333406), vel=(2.191046,-1.433030)}
particle={pos=(-0.024315,-0.320567), vel=(2.337674,-1.418483)}
particle={pos=(-0.083636,-0.323955), vel=(2.405505,-1.413931)}
particle={pos=(-0.137205,-0.326322), vel=(2.472447,-1.376282)}
particle={pos=(-0.189899,-0.316815), vel=(2.548968,-1.235017)}
particle={pos=(-0.230679,-0.306973), vel=(2.599382,-1.076101)}
particle={pos=(-0.265412,-0.295243), vel=(2.630058,-0.893004)}
particle={pos=(-0.295244,-0.282836), vel=(2.609478,-0.684030)}
particle={pos=(-0.316968,-0.276589), vel=(2.534655,-0.482015)}
particle={pos=(-0.332541,-0.276895), vel=(2.444845,-0.295075)}
particle={pos=(-0.345508,-0.280756), vel=(2.343244,-0.095235)}
particle={pos=(-0.359328,-0.290301), vel=(2.243007,0.097113)}
particle={pos=(-0.373866,-0.303293), vel=(2.122736,0.288750)}
particle={pos=(-0.390967,-0.321852), vel=(1.940651,0.463255)}
particle={pos=(-0.414961,-0.351344), vel=(1.650925,0.642077)}
particle={pos=(-0.442967,-0.400875), vel=(1.253172,0.785070)}
particle={pos=(-0.464532,-0.479970), vel=(0.759967,0.917224)}
particle={pos=(-0.476902,-0.587700), vel=(0.204536,1.000531)}
particle={pos=(-0.475481,-0.703058), vel=(-0.353970,1.052924)}
particle={pos=(-0.456244,-0.821743), vel=(-0.852220,1.101903)}
particle={pos=(-0.424820,-0.942361), vel=(-1.219643,1.136524)}
particle={pos=(-0.398759,-1.064282), vel=(-1.324691,1.183236)}
particle={pos=(-0.390846,-1.209762), vel=(-0.922938,1.196795)}
particle={pos=(-0.405502,-1.383061), vel=(-0.419428,0.762859)}
particle={pos=(-0.445105,-1.580222), vel=(0.129381,0.139484)}
particle={pos=(-0.533361,-1.787866), vel=(0.092670,-1.055299)}
particle={pos=(-0.592727,-1.910982), vel=(-0.030366,-2.012662)}
particle={pos=(-0.606644,-2.001566), vel=(-0.121526,-2.827218)}
particle={pos=(-0.631650,-2.090900), vel=(-0.157089,-3.710857)}
particle={pos=(-0.627144,-2.126054), vel=(-0.202863,-4.361079)}
particle={pos=(-0.585968,-2.131360), vel=(-0.168355,-4.813295)}
particle={pos=(-0.532769,-2.125142), vel=(-0.078745,-5.172616)}
particle={pos=(-0.480519,-2.108558), vel=(0.112523,-5.490142)}
particle={pos=(-0.440610,-2.077366), vel=(0.419593,-5.789287)}
particle={pos=(-0.411251,-2.027769), vel=(0.851358,-6.087082)}
particle={pos=(-0.396985,-1.967328), vel=(1.289370,-6.407429)}
particle={pos=(-0.402385,-1.882120), vel=(1.708930,-6.837184)}
particle={pos=(-0.431301,-1.741693), vel=(2.173463,-7.387609)}
particle={pos=(-0.546616,-1.482898), vel=(2.331758,-8.028835)}
particle={pos=(-0.668944,-1.177554), vel=(1.431132,-8.157333)}
particle={pos=(-0.703991,-0.908693), vel=(0.572882,-7.744291)}
particle={pos=(-0.697039,-0.687152), vel=(0.172352,-7.275565)}
particle={pos=(-0.698515,-0.510876), vel=(-0.094191,-6.946149)}
particle={pos=(-0.680365,-0.394617), vel=(-0.163908,-6.724969)}
particle={pos=(-0.641502,-0.394348), vel=(-0.049234,-6.460423)}
particle={pos=(-0.560801,-0.580068), vel=(0.261308,-6.405336)}
particle={pos=(-0.460174,-0.877780), vel=(0.309108,-6.675863)}
particle={pos=(-0.512222,-1.175907), vel=(-0.093682,-6.800439)}
particle={pos=(-0.417880,-0.756276), vel=(0.188082,-4.079613)}
particle={pos=(0.401341,0.230434), vel=(0.440481,4.384183)}
particle={pos=(0.541484,-0.107349), vel=(0.646351,3.995885)}
particle={pos=(0.578120,-0.322807), vel=(0.831758,3.924586)}
particle={pos=(0.594688,-0.385134), vel=(0.981681,4.192576)}
particle={pos=(0.599837,-0.455167), vel=(1.093706,4.442241)}
particle={pos=(0.596779,-0.485264), vel=(1.155267,4.741012)}
particle={pos=(0.591465,-0.470051), vel=(1.190150,5.052842)}
particle={pos=(0.587283,-0.421610), vel=(1.212536,5.345561)}
particle={pos=(0.589696,-0.345723), vel=(1.209251,5.584575)}
particle={pos=(0.594730,-0.270983), vel=(1.153109,5.792166)}
particle={pos=(0.596583,-0.207942), vel=(1.042560,5.976773)}
particle={pos=(0.594518,-0.156973), vel=(0.884577,6.141340)}
particle={pos=(0.595260,-0.117046), vel=(0.698742,6.295695)}
particle={pos=(0.609542,-0.081986), vel=(0.514350,6.442569)}
particle={pos=(0.626309,-0.043566), vel=(0.345306,6.587435)}
particle={pos=(0.638501,0.005658), vel=(0.191168,6.727095)}
particle={pos=(0.643473,0.068934), vel=(0.026200,6.881153)}
particle={pos=(0.640170,0.151947), vel=(-0.166169,7.091004)}
particle={pos=(0.628568,0.262556), vel=(-0.404612,7.372754)}
particle={pos=(0.607951,0.411748), vel=(-0.731068,7.765471)}
particle={pos=(0.573188,0.607816), vel=(-1.202430,8.243193)}
particle={pos=(0.518277,0.828384), vel=(-1.780740,8.605212)}
particle={pos=(0.430830,1.062002), vel=(-2.402822,8.558346)}
particle={pos=(0.338310,1.262515), vel=(-2.247376,8.117830)}
particle={pos=(0.260341,1.414221), vel=(-2.064224,7.489666)}
particle={pos=(0.200274,1.544268), vel=(-1.909962,6.876871)}
particle={pos=(0.154574,1.662785), vel=(-1.678813,6.179437)}
particle={pos=(0.141586,1.771343), vel=(-1.285274,5.674344)}
particle={pos=(0.156818,1.872023), vel=(-0.888855,5.285747)}
particle={pos=(0.191630,1.961519), vel=(-0.600214,4.932519)}
particle={pos=(0.243271,2.014997), vel=(-0.468518,4.471320)}
particle={pos=(0.285133,2.032999), vel=(-0.464524,3.934873)}
particle={pos=(0.294550,2.061309), vel=(-0.475998,3.510340)}
particle={pos=(0.281036,2.091907), vel=(-0.460179,3.120734)}
particle={pos=(0.253953,2.099503), vel=(-0.393362,2.666971)}
particle={pos=(0.227603,2.076229), vel=(-0.248665,2.168883)}
particle={pos=(0.211659,2.037780), vel=(-0.030299,1.709789)}
particle={pos=(0.205907,2.000487), vel=(0.190508,1.327376)}
particle={pos=(0.202558,1.978456), vel=(0.351497,1.016554)}
particle={pos=(0.197339,1.961383), vel=(0.481677,0.746876)}
particle={pos=(0.195720,1.930121), vel=(0.605063,0.460137)}
particle={pos=(0.201947,1.887317), vel=(0.706742,0.149671)}
particle={pos=(0.217203,1.822348), vel=(0.802829,-0.220683)}
particle={pos=(0.243144,1.741948), vel=(0.848657,-0.693553)}
particle={pos=(0.281720,1.636709), vel=(0.838308,-1.328608)}
particle={pos=(0.320444,1.522179), vel=(0.710173,-1.931999)}
particle={pos=(0.356710,1.410685), vel=(0.460104,-2.369374)}
particle={pos=(0.392677,1.298739), vel=(0.217693,-2.733891)}
particle={pos=(0.424805,1.209219), vel=(0.032642,-2.984400)}
particle={pos=(0.453560,1.134497), vel=(-0.202708,-3.180234)}
particle={pos=(0.475822,1.072192), vel=(-0.514371,-3.329777)}
particle={pos=(0.492495,1.024731), vel=(-0.877410,-3.412117)}
particle={pos=(0.506079,0.981140), vel=(-1.267011,-3.430043)}
particle={pos=(0.519863,0.946453), vel=(-1.625463,-3.393796)}
particle={pos=(0.538117,0.916332), vel=(-1.930417,-3.316257)}
particle={pos=(0.562957,0.892931), vel=(-2.099811,-3.258666)}
particle={pos=(0.588225,0.862039), vel=(-2.190990,-3.199950)}
particle={pos=(0.605284,0.831087), vel=(-2.278250,-3.160015)}
particle={pos=(0.613281,0.797768), vel=(-2.400790,-3.088116)}
particle={pos=(0.618292,0.768852), vel=(-2.515805,-3.030166)}
particle={pos=(0.618524,0.740154), vel=(-2.633451,-2.958404)}
particle={pos=(0.618623,0.712957), vel=(-2.726035,-2.911535)}
particle={pos=(0.616986,0.684291), vel=(-2.807521,-2.867051)}
particle={pos=(0.616729,0.652810), vel=(-2.851756,-2.857275)}
particle={pos=(0.617666,0.619036), vel=(-2.872097,-2.869503)}
particle={pos=(0.619186,0.585006), vel=(-2.899406,-2.882084)}
particle={pos=(0.619669,0.552564), vel=(-2.933976,-2.903899)}
particle={pos=(0.616987,0.521566), vel=(-2.989249,-2.907079)}
particle={pos=(0.608516,0.493514), vel=(-3.070989,-2.884676)}
particle={pos=(0.595672,0.468081), vel=(-3.169987,-2.841862)}
particle={pos=(0.575487,0.448130), vel=(-3.280089,-2.740873)}
particle={pos=(0.553086,0.433460), vel=(-3.403586,-2.627687)}
particle={pos=(0.530073,0.422907), vel=(-3.532498,-2.500357)}
particle={pos=(0.521982,0.415303), vel=(-3.690945,-2.376140)}
particle={pos=(0.517832,0.411383), vel=(-3.862876,-2.225193)}
particle={pos=(0.512775,0.409554), vel=(-4.031688,-2.110495)}
particle={pos=(0.502180,0.412576), vel=(-4.195213,-1.993058)}
particle={pos=(0.485782,0.416868), vel=(-4.349792,-1.893344)}
particle={pos=(0.465373,0.420661), vel=(-4.492258,-1.809522)}
particle={pos=(0.440299,0.426877), vel=(-4.613743,-1.737534)}
particle={pos=(0.411306,0.430975), vel=(-4.712114,-1.679490)}
particle={pos=(0.381589,0.433654), vel=(-4.786026,-1.618493)}
particle={pos=(0.347151,0.434566), vel=(-4.826448,-1.578878)}
particle={pos=(0.313659,0.435126), vel=(-4.840307,-1.551299)}
particle={pos=(0.281720,0.434119), vel=(-4.844594,-1.511883)}
particle={pos=(0.249205,0.431859), vel=(-4.806878,-1.491154)}
particle={pos=(0.215347,0.428318), vel=(-4.719108,-1.481391)}
particle={pos=(0.183762,0.422648), vel=(-4.600318,-1.481422)}
particle={pos=(0.154052,0.417405), vel=(-4.457593,-1.479715)}
particle={pos=(0.124936,0.407816), vel=(-4.284586,-1.506389)}
particle={pos=(0.099147,0.397189), vel=(-4.034223,-1.560495)}
particle={pos=(0.072780,0.380319), vel=(-3.788058,-1.619995)}
particle={pos=(0.050664,0.362370), vel=(-3.515579,-1.691603)}
particle={pos=(0.029289,0.340235), vel=(-3.251796,-1.781265)}
particle={pos=(0.009175,0.316094), vel=(-3.002491,-1.871797)}
particle={pos=(-0.012530,0.291964), vel=(-2.801353,-1.940492)}
particle={pos=(-0.035212,0.264832), vel=(-2.638557,-2.000481)}
particle={pos=(-0.054126,0.237309), vel=(-2.471293,-2.067136)}
particle={pos=(-0.070087,0.208213), vel=(-2.310203,-2.137020)}
particle={pos=(-0.083846,0.179342), vel=(-2.160448,-2.195472)}
particle={pos=(-0.098328,0.152218), vel=(-2.031459,-2.240702)}
particle={pos=(-0.111065,0.126666), vel=(-1.917315,-2.278685)}
particle={pos=(-0.120022,0.102017), vel=(-1.797124,-2.315655)}
particle={pos=(-0.132292,0.080061), vel=(-1.715627,-2.342580)}
particle={pos=(-0.142467,0.060478), vel=(-1.631153,-2.364009)}
particle={pos=(-0.153010,0.040134), vel=(-1.549520,-2.377165)}
particle={pos=(-0.161819,0.022446), vel=(-1.472266,-2.383652)}
particle={pos=(-0.170742,0.007876), vel=(-1.397247,-2.375847)}
particle={pos=(-0.179173,-0.005702), vel=(-1.321901,-2.348234)}
particle={pos=(-0.186026,-0.018564), vel=(-1.248496,-2.315324)}
particle={pos=(-0.190410,-0.028202), vel=(-1.164210,-2.265460)}
particle={pos=(-0.196448,-0.036717), vel=(-1.080149,-2.213684)}
particle={pos=(-0.199247,-0.042411), vel=(-0.985507,-2.135933)}
particle={pos=(-0.203698,-0.048335), vel=(-0.907363,-2.060211)}
particle={pos=(-0.204292,-0.051278), vel=(-0.821677,-1.987115)}
particle={pos=(-0.204987,-0.051908), vel=(-0.736511,-1.913194)}
particle={pos=(-0.209928,-0.053143), vel=(-0.663225,-1.842665)}
particle={pos=(-0.211814,-0.051860), vel=(-0.577472,-1.762631)}
particle={pos=(-0.215733,-0.052061), vel=(-0.497282,-1.684831)}
particle={pos=(-0.220548,-0.050678), vel=(-0.416628,-1.623906)}
particle={pos=(-0.225980,-0.050380), vel=(-0.344838,-1.564615)}
particle={pos=(-0.231926,-0.052300), vel=(-0.283848,-1.505569)}
particle={pos=(-0.236020,-0.053313), vel=(-0.213826,-1.451078)}
particle={pos=(-0.245712,-0.057163), vel=(-0.159418,-1.400844)}
particle={pos=(-0.257996,-0.061184), vel=(-0.109356,-1.361012)}
particle={pos=(-0.269254,-0.065961), vel=(-0.057293,-1.326562)}
particle={pos=(-0.282404,-0.071786), vel=(-0.016787,-1.288810)}
particle={pos=(-0.296886,-0.080078), vel=(0.019810,-1.253808)}
particle={pos=(-0.307991,-0.087691), vel=(0.069828,-1.221340)}
particle={pos=(-0.322976,-0.096131), vel=(0.107402,-1.194414)}
particle={pos=(-0.337551,-0.103428), vel=(0.157574,-1.162052)}
particle={pos=(-0.348676,-0.106659), vel=(0.216737,-1.109772)}
particle={pos=(-0.363607,-0.110383), vel=(0.258183,-1.054650)}
particle={pos=(-0.371784,-0.106681), vel=(0.323920,-0.970142)}
particle={pos=(-0.374139,-0.093912), vel=(0.394066,-0.846931)}
particle={pos=(-0.366047,-0.070182), vel=(0.484219,-0.681540)}
particle={pos=(-0.339776,-0.030215), vel=(0.604204,-0.451617)}
particle={pos=(-0.299699,0.021363), vel=(0.720303,-0.185877)}
particle={pos=(-0.246446,0.084266), vel=(0.837538,0.175027)}
particle={pos=(-0.181018,0.158849), vel=(0.955802,0.691847)}
particle={pos=(-0.104569,0.239548), vel=(1.100657,1.333775)}
particle={pos=(-0.014357,0.318832), vel=(1.338077,2.026111)}
particle={pos=(0.082064,0.393378), vel=(1.672909,2.727439)}
particle={pos=(0.169392,0.453068), vel=(2.032677,3.338073)}
particle={pos=(0.251753,0.502527), vel=(2.288470,3.868184)}
particle={pos=(0.314157,0.537119), vel=(2.339239,4.279401)}
particle={pos=(0.364532,0.564220), vel=(2.251165,4.632545)}
particle={pos=(0.398989,0.583039), vel=(2.080240,4.928727)}
particle={pos=(0.421963,0.597223), vel=(1.859528,5.182651)}
particle={pos=(0.436844,0.610808), vel=(1.582828,5.428825)}
particle={pos=(0.445732,0.624212), vel=(1.300761,5.659774)}
particle={pos=(0.447831,0.639020), vel=(1.027192,5.864562)}
particle={pos=(0.445306,0.653811), vel=(0.826245,6.029831)}
particle={pos=(0.442014,0.670247), vel=(0.657358,6.164075)}
particle={pos=(0.437179,0.687075), vel=(0.512621,6.284124)}
particle={pos=(0.432724,0.703879), vel=(0.392741,6.387686)}
particle={pos=(0.428264,0.720368), vel=(0.279768,6.462690)}
particle={pos=(0.424819,0.735770), vel=(0.191032,6.543511)}
particle={pos=(0.421971,0.751219), vel=(0.111523,6.607456)}
particle={pos=(0.420089,0.767264), vel=(0.044953,6.688592)}
particle={pos=(0.418238,0.783056), vel=(-0.012996,6.758694)}
particle={pos=(0.416742,0.799714), vel=(-0.069732,6.835650)}
particle={pos=(0.414650,0.816033), vel=(-0.111567,6.904701)}
particle={pos=(0.413109,0.832368), vel=(-0.148515,6.971843)}
particle={pos=(0.411324,0.848401), vel=(-0.164941,7.025094)}
particle={pos=(0.410129,0.865296), vel=(-0.176520,7.076056)}
particle={pos=(0.408724,0.880863), vel=(-0.178846,7.105707)}
particle={pos=(0.408021,0.896457), vel=(-0.185288,7.134617)}
particle={pos=(0.407257,0.910060), vel=(-0.175663,7.135759)}
particle={pos=(0.408063,0.925189), vel=(-0.165137,7.144135)}
particle={pos=(0.409283,0.938519), vel=(-0.133377,7.121609)}
particle={pos=(0.412283,0.953011), vel=(-0.085846,7.097333)}
particle={pos=(0.416082,0.967262), vel=(-0.036761,7.060678)}
particle={pos=(0.420770,0.981750), vel=(0.014481,7.021980)}
particle={pos=(0.425611,0.994285), vel=(0.064236,6.968366)}
particle={pos=(0.431325,1.007145), vel=(0.098494,6.919595)}
particle={pos=(0.437822,1.020795), vel=(0.118112,6.882770)}
particle={pos=(0.444234,1.034537), vel=(0.116452,6.855822)}
particle={pos=(0.451401,1.050617), vel=(0.095365,6.857749)}
particle={pos=(0.458286,1.065632), vel=(0.067635,6.864286)}
particle={pos=(0.466783,1.083764), vel=(0.028990,6.897295)}
particle={pos=(0.474927,1.101778), vel=(-0.035573,6.946260)}
particle={pos=(0.483500,1.118499), vel=(-0.102435,6.993086)}
particle={pos=(0.492994,1.135970), vel=(-0.171101,7.058848)}
particle={pos=(0.502711,1.151462), vel=(-0.229611,7.101509)}
particle={pos=(0.512167,1.165304), vel=(-0.291875,7.124504)}
particle={pos=(0.520160,1.177962), vel=(-0.361573,7.125671)}
particle={pos=(0.527053,1.189492), vel=(-0.429462,7.100399)}
particle={pos=(0.532023,1.199468), vel=(-0.505580,7.056473)}
particle={pos=(0.533504,1.207264), vel=(-0.591936,6.989995)}
particle={pos=(0.535309,1.215589), vel=(-0.673384,6.924874)}
particle={pos=(0.532544,1.221511), vel=(-0.757286,6.847195)}
particle={pos=(0.529085,1.227089), vel=(-0.839139,6.771021)}
particle={pos=(0.524293,1.231886), vel=(-0.913673,6.698140)}
particle={pos=(0.519827,1.237476), vel=(-0.983989,6.627049)}
particle={pos=(0.514779,1.243365), vel=(-1.037756,6.551643)}
particle={pos=(0.509664,1.250238), vel=(-1.084275,6.474750)}
particle={pos=(0.502477,1.256927), vel=(-1.117142,6.385381)}
particle={pos=(0.497539,1.265347), vel=(-1.142493,6.287009)}
particle={pos=(0.492581,1.275107), vel=(-1.158797,6.193246)}
particle={pos=(0.486457,1.284796), vel=(-1.164741,6.094176)}
particle={pos=(0.483649,1.297983), vel=(-1.181601,5.995202)}
particle={pos=(0.480353,1.312198), vel=(-1.193889,5.900813)}
particle={pos=(0.476566,1.328083), vel=(-1.208244,5.822336)}
particle={pos=(0.474951,1.346378), vel=(-1.234352,5.749445)}
particle={pos=(0.473436,1.365746), vel=(-1.262954,5.676978)}
particle={pos=(0.472003,1.386164), vel=(-1.282254,5.601990)}
particle={pos=(0.470870,1.407173), vel=(-1.298714,5.528461)}
particle={pos=(0.470487,1.430091), vel=(-1.320603,5.454815)}
particle={pos=(0.470020,1.453953), vel=(-1.340993,5.389443)}
particle={pos=(0.468277,1.477172), vel=(-1.356309,5.318768)}
particle={pos=(0.466953,1.500531), vel=(-1.378620,5.242658)}
particle={pos=(0.465983,1.522891), vel=(-1.402016,5.174159)}
particle={pos=(0.463612,1.544272), vel=(-1.423962,5.100533)}
particle={pos=(0.460353,1.565005), vel=(-1.452072,5.026268)}
particle={pos=(0.456306,1.583554), vel=(-1.475940,4.946175)}
particle={pos=(0.452429,1.600433), vel=(-1.502060,4.844359)}
particle={pos=(0.449394,1.617013), vel=(-1.532885,4.727145)}
particle={pos=(0.445707,1.629869), vel=(-1.559134,4.596745)}
particle={pos=(0.442983,1.641556), vel=(-1.591185,4.454114)}
particle={pos=(0.440428,1.650446), vel=(-1.628241,4.300029)}
particle={pos=(0.438328,1.658326), vel=(-1.669052,4.139673)}
particle={pos=(0.434362,1.664547), vel=(-1.706483,3.971013)}
particle={pos=(0.429029,1.667192), vel=(-1.746373,3.797641)}
particle={pos=(0.423290,1.666975), vel=(-1.797073,3.615032)}
particle={pos=(0.416779,1.663572), vel=(-1.846887,3.429598)}
particle={pos=(0.409939,1.656026), vel=(-1.893469,3.248023)}
particle={pos=(0.400989,1.647157), vel=(-1.935454,3.067609)}
particle={pos=(0.391323,1.636971), vel=(-1.974945,2.888283)}
particle={pos=(0.381636,1.625581), vel=(-2.004104,2.712664)}
particle={pos=(0.370501,1.614349), vel=(-2.017069,2.534677)}
particle={pos=(0.358374,1.603791), vel=(-2.015564,2.355119)}
particle={pos=(0.345938,1.595156), vel=(-1.991040,2.179153)}
particle={pos=(0.332686,1.591017), vel=(-1.954852,1.989393)}
particle={pos=(0.317283,1.589257), vel=(-1.910046,1.795996)}
particle={pos=(0.300057,1.587531), vel=(-1.869620,1.615112)}
particle={pos=(0.281305,1.585237), vel=(-1.830841,1.445489)}
particle={pos=(0.260725,1.583098), vel=(-1.788902,1.280095)}
particle={pos=(0.236927,1.578910), vel=(-1.726577,1.121569)}
particle={pos=(0.212444,1.572941), vel=(-1.643239,0.968886)}
particle={pos=(0.186900,1.564309), vel=(-1.533730,0.808292)}
particle={pos=(0.162340,1.553231), vel=(-1.392447,0.650590)}
particle={pos=(0.140480,1.541127), vel=(-1.232274,0.501261)}
particle={pos=(0.121348,1.528090), vel=(-1.053898,0.362099)}
particle={pos=(0.104875,1.512704), vel=(-0.849094,0.229674)}
particle={pos=(0.092353,1.497588), vel=(-0.634692,0.123175)}
particle={pos=(0.083910,1.482841), vel=(-0.422902,0.040506)}
particle={pos=(0.077939,1.469071), vel=(-0.198765,-0.017176)}
particle={pos=(0.074616,1.456515), vel=(0.034188,-0.051351)}
particle={pos=(0.074315,1.445484), vel=(0.255520,-0.066446)}
particle={pos=(0.076534,1.435222), vel=(0.473218,-0.073374)}
particle={pos=(0.080996,1.424424), vel=(0.690044,-0.078016)}
particle={pos=(0.088244,1.413319), vel=(0.901001,-0.090776)}
particle={pos=(0.099040,1.402001), vel=(1.096599,-0.106250)}
particle={pos=(0.112337,1.390576), vel=(1.275478,-0.120741)}
particle={pos=(0.127912,1.379076), vel=(1.430930,-0.139407)}
particle={pos=(0.143638,1.368093), vel=(1.553185,-0.166660)}
particle={pos=(0.159253,1.357953), vel=(1.647763,-0.196916)}
particle={pos=(0.174548,1.348930), vel=(1.722043,-0.229380)}
particle={pos=(0.190091,1.340270), vel=(1.775842,-0.266829)}
particle={pos=(0.204782,1.331747), vel=(1.809658,-0.318110)}
particle={pos=(0.219174,1.323753), vel=(1.823900,-0.379748)}
particle={pos=(0.233894,1.316004), vel=(1.830559,-0.450841)}
particle={pos=(0.249626,1.308246), vel=(1.825147,-0.532914)}
particle={pos=(0.267035,1.300113), vel=(1.819880,-0.637647)}
particle={pos=(0.282925,1.293511), vel=(1.830776,-0.751076)}
particle={pos=(0.296504,1.288565), vel=(1.869389,-0.865727)}
particle={pos=(0.309440,1.283689), vel=(1.903249,-0.974438)}
particle={pos=(0.323324,1.276429), vel=(1.887507,-1.093307)}
particle={pos=(0.337908,1.265944), vel=(1.813727,-1.228111)}
particle={pos=(0.355402,1.250610), vel=(1.676883,-1.371159)}
particle={pos=(0.376444,1.229951), vel=(1.497383,-1.519276)}
particle={pos=(0.402928,1.203542), vel=(1.323629,-1.672074)}
particle={pos=(0.442236,1.176460), vel=(1.192049,-1.826289)}
particle={pos=(0.486511,1.150577), vel=(0.999852,-1.967070)}
particle={pos=(0.523417,1.119615), vel=(0.695325,-2.115263)}
particle={pos=(0.545110,1.080941), vel=(0.308893,-2.266034)}
particle={pos=(0.551555,1.039479), vel=(-0.083524,-2.364092)}
particle={pos=(0.544573,1.002385), vel=(-0.410143,-2.407694)}
particle={pos=(0.528335,0.971111), vel=(-0.631881,-2.424734)}
particle={pos=(0.509621,0.945296), vel=(-0.739256,-2.444939)}
particle={pos=(0.491327,0.921170), vel=(-0.806020,-2.468713)}
particle={pos=(0.473143,0.897841), vel=(-0.852567,-2.496720)}
particle={pos=(0.455598,0.875974), vel=(-0.879458,-2.524412)}
particle={pos=(0.438172,0.854861), vel=(-0.894250,-2.541459)}
particle={pos=(0.421480,0.836234), vel=(-0.884276,-2.551222)}
particle={pos=(0.405193,0.818786), vel=(-0.861183,-2.549724)}
particle={pos=(0.389753,0.803161), vel=(-0.824193,-2.536332)}
particle={pos=(0.375989,0.789997), vel=(-0.771780,-2.513117)}
particle={pos=(0.364725,0.778571), vel=(-0.700021,-2.488882)}
particle={pos=(0.355738,0.768762), vel=(-0.614625,-2.464295)}
particle={pos=(0.349019,0.760417), vel=(-0.517741,-2.438785)}
particle={pos=(0.344088,0.752546), vel=(-0.414713,-2.414922)}
particle={pos=(0.339181,0.744801), vel=(-0.313735,-2.381886)}
particle={pos=(0.334978,0.737272), vel=(-0.215032,-2.346407)}
particle={pos=(0.332134,0.730300), vel=(-0.121274,-2.311136)}
particle={pos=(0.329381,0.723166), vel=(-0.024976,-2.272425)}
particle={pos=(0.326922,0.716221), vel=(0.069706,-2.232343)}
particle={pos=(0.325516,0.710163), vel=(0.164023,-2.194813)}
particle={pos=(0.324220,0.703527), vel=(0.263825,-2.150318)}
particle={pos=(0.323697,0.696295), vel=(0.366748,-2.103706)}
particle={pos=(0.324233,0.689308), vel=(0.464867,-2.057461)}
particle={pos=(0.325135,0.682195), vel=(0.559129,-2.004673)}
particle={pos=(0.326592,0.674328), vel=(0.655007,-1.948252)}
particle={pos=(0.327917,0.664882), vel=(0.759080,-1.884387)}
particle={pos=(0.330312,0.655045), vel=(0.862363,-1.818195)}
particle={pos=(0.332634,0.642134), vel=(0.971085,-1.745294)}
particle={pos=(0.335754,0.629422), vel=(1.069688,-1.680115)}
particle={pos=(0.339921,0.617094), vel=(1.144174,-1.626014)}
particle={pos=(0.345155,0.603510), vel=(1.204876,-1.583995)}
particle={pos=(0.351179,0.587259), vel=(1.263517,-1.544405)}
particle={pos=(0.357956,0.571712), vel=(1.305894,-1.511392)}
particle={pos=(0.365126,0.555693), vel=(1.335661,-1.490003)}
particle={pos=(0.372008,0.537969), vel=(1.367523,-1.463020)}
particle={pos=(0.378779,0.518574), vel=(1.395926,-1.439966)}
particle={pos=(0.385215,0.503959), vel=(1.407835,-1.415833)}
particle={pos=(0.391247,0.487765), vel=(1.407585,-1.380304)}
particle={pos=(0.397002,0.469866), vel=(1.397556,-1.342408)}
particle={pos=(0.402310,0.452706), vel=(1.374854,-1.300158)}
particle={pos=(0.406760,0.432547), vel=(1.332284,-1.248600)}
particle={pos=(0.410824,0.411281), vel=(1.281878,-1.193140)}
particle={pos=(0.413982,0.391458), vel=(1.222938,-1.147567)}
particle={pos=(0.416339,0.372194), vel=(1.156337,-1.107590)}
particle={pos=(0.418297,0.355297), vel=(1.090022,-1.080611)}
particle={pos=(0.419154,0.337945), vel=(1.019457,-1.066683)}
particle={pos=(0.419321,0.320524), vel=(0.947318,-1.061062)}
particle={pos=(0.418586,0.300451), vel=(0.875184,-1.069444)}
particle={pos=(0.416976,0.277912), vel=(0.806565,-1.081686)}
particle={pos=(0.414693,0.255529), vel=(0.755893,-1.079661)}
particle={pos=(0.412772,0.230568), vel=(0.727316,-1.066350)}
particle={pos=(0.411434,0.204545), vel=(0.715481,-1.028384)}
particle={pos=(0.410478,0.180053), vel=(0.699371,-0.944600)}
particle={pos=(0.410252,0.162008), vel=(0.668591,-0.848673)}
particle={pos=(0.411100,0.147177), vel=(0.645964,-0.730385)}
particle={pos=(0.412257,0.135279), vel=(0.624190,-0.587041)}
particle={pos=(0.413702,0.127392), vel=(0.593793,-0.436728)}
particle={pos=(0.413569,0.124798), vel=(0.548050,-0.292966)}
particle={pos=(0.413902,0.124927), vel=(0.500308,-0.145209)}
particle={pos=(0.413861,0.126745), vel=(0.452272,0.000191)}
particle={pos=(0.412805,0.130741), vel=(0.398724,0.139125)}
particle={pos=(0.410780,0.136802), vel=(0.333207,0.269561)}
particle={pos=(0.407732,0.142414), vel=(0.265416,0.375236)}
particle={pos=(0.404023,0.148967), vel=(0.196936,0.471694)}
particle={pos=(0.399400,0.156071), vel=(0.129643,0.559112)}
particle={pos=(0.395127,0.163651), vel=(0.066865,0.653029)}
particle={pos=(0.390515,0.172464), vel=(0.007281,0.734770)}
particle={pos=(0.384651,0.181806), vel=(-0.053726,0.803278)}
particle={pos=(0.379504,0.190720), vel=(-0.108661,0.864799)}
particle={pos=(0.373122,0.199243), vel=(-0.159479,0.903175)}
particle={pos=(0.365058,0.207792), vel=(-0.203731,0.935852)}
particle={pos=(0.357449,0.216858), vel=(-0.235228,0.979621)}
particle={pos=(0.349611,0.225990), vel=(-0.262176,1.019800)}
particle={pos=(0.341451,0.234862), vel=(-0.287396,1.056099)}
particle={pos=(0.334336,0.243391), vel=(-0.312572,1.101860)}
particle={pos=(0.327537,0.251265), vel=(-0.339026,1.148923)}
particle={pos=(0.321097,0.258734), vel=(-0.372315,1.200362)}
particle={pos=(0.314407,0.267038), vel=(-0.410431,1.253260)}
particle={pos=(0.307134,0.275296), vel=(-0.450328,1.309142)}
particle={pos=(0.299810,0.283250), vel=(-0.490750,1.364328)}
particle={pos=(0.292856,0.291151), vel=(-0.530424,1.416342)}
particle={pos=(0.287005,0.300379), vel=(-0.574183,1.480430)}
particle={pos=(0.281517,0.311296), vel=(-0.627531,1.557667)}
particle={pos=(0.275915,0.324267), vel=(-0.690371,1.649144)}
particle={pos=(0.270086,0.337629), vel=(-0.752431,1.744033)}
particle={pos=(0.265023,0.351452), vel=(-0.814032,1.844887)}
particle={pos=(0.260749,0.365668), vel=(-0.870257,1.957886)}
particle={pos=(0.256741,0.380441), vel=(-0.923546,2.078158)}
particle={pos=(0.252616,0.395360), vel=(-0.976321,2.212730)}
particle={pos=(0.248019,0.408478), vel=(-1.029387,2.333853)}
particle={pos=(0.242893,0.421749), vel=(-1.078595,2.449610)}
particle={pos=(0.238026,0.436991), vel=(-1.109545,2.573900)}
particle={pos=(0.233637,0.452429), vel=(-1.130527,2.697798)}
particle={pos=(0.228801,0.467374), vel=(-1.152223,2.808339)}
particle={pos=(0.224189,0.481266), vel=(-1.167879,2.890821)}
particle={pos=(0.220732,0.494861), vel=(-1.171920,2.975482)}
particle={pos=(0.217768,0.508340), vel=(-1.158627,3.040185)}
particle={pos=(0.214980,0.522017), vel=(-1.126632,3.100275)}
particle={pos=(0.211801,0.535401), vel=(-1.082708,3.145581)}
particle={pos=(0.208932,0.550729), vel=(-1.007737,3.203929)}
particle={pos=(0.206323,0.566810), vel=(-0.914566,3.270626)}
particle={pos=(0.204409,0.580846), vel=(-0.817822,3.328562)}
particle={pos=(0.203016,0.594163), vel=(-0.711350,3.381374)}
particle={pos=(0.202987,0.607038), vel=(-0.598411,3.432372)}
particle={pos=(0.204097,0.619174), vel=(-0.481964,3.484269)}
particle={pos=(0.206408,0.631310), vel=(-0.361830,3.538886)}
particle={pos=(0.210221,0.644389), vel=(-0.224238,3.597990)}
particle={pos=(0.217355,0.659952), vel=(-0.045075,3.683789)}
particle={pos=(0.225096,0.675688), vel=(0.131454,3.764217)}
particle={pos=(0.234030,0.690515), vel=(0.293093,3.836379)}
particle={pos=(0.243719,0.702632), vel=(0.427411,3.896111)}
particle={pos=(0.252794,0.713273), vel=(0.540951,3.944274)}
particle={pos=(0.261682,0.725007), vel=(0.651308,3.996541)}
particle={pos=(0.270241,0.736159), vel=(0.751914,4.046919)}
particle={pos=(0.278762,0.750264), vel=(0.862288,4.110375)}
particle={pos=(0.286284,0.763790), vel=(0.963012,4.159829)}
particle={pos=(0.293898,0.776413), vel=(1.056434,4.201236)}
particle={pos=(0.302245,0.789256), vel=(1.142690,4.237732)}
particle={pos=(0.310356,0.801054), vel=(1.211287,4.258099)}
particle={pos=(0.318144,0.812809), vel=(1.264359,4.273214)}
particle={pos=(0.326613,0.823161), vel=(1.297317,4.284833)}
particle={pos=(0.335920,0.832166), vel=(1.304201,4.289272)}
particle={pos=(0.345150,0.841494), vel=(1.294607,4.284769)}
particle={pos=(0.353392,0.850950), vel=(1.267424,4.270763)}
particle={pos=(0.360073,0.857633), vel=(1.206448,4.246731)}
particle={pos=(0.365938,0.864114), vel=(1.138858,4.215025)}
particle={pos=(0.371505,0.871508), vel=(1.068939,4.178019)}
particle={pos=(0.376163,0.876341), vel=(0.966944,4.144049)}
particle={pos=(0.380127,0.882125), vel=(0.872369,4.106809)}
particle={pos=(0.383592,0.886997), vel=(0.769151,4.072789)}
particle={pos=(0.386766,0.890486), vel=(0.657340,4.041601)}
particle={pos=(0.388986,0.892410), vel=(0.542912,4.014643)}
particle={pos=(0.390606,0.894981), vel=(0.442426,3.984042)}
particle={pos=(0.392104,0.896070), vel=(0.331675,3.957485)}
particle={pos=(0.394079,0.897179), vel=(0.223507,3.933115)}
particle={pos=(0.396129,0.897411), vel=(0.118404,3.912623)}
particle={pos=(0.398362,0.898113), vel=(0.027200,3.893427)}
particle={pos=(0.401134,0.898380), vel=(-0.055865,3.876613)}
particle={pos=(0.404405,0.899848), vel=(-0.116216,3.855366)}
particle={pos=(0.406546,0.900004), vel=(-0.176459,3.832661)}
particle={pos=(0.407681,0.900101), vel=(-0.238921,3.805049)}
particle={pos=(0.409790,0.901043), vel=(-0.293379,3.777296)}
particle={pos=(0.412094,0.902266), vel=(-0.337917,3.749246)}
particle={pos=(0.412845,0.902866), vel=(-0.384464,3.715085)}
particle={pos=(0.412485,0.905624), vel=(-0.422020,3.671122)}
particle={pos=(0.412303,0.911071), vel=(-0.444514,3.619156)}
particle={pos=(0.412440,0.917435), vel=(-0.460179,3.565776)}
particle={pos=(0.412602,0.925767), vel=(-0.461453,3.508580)}
particle={pos=(0.412218,0.935359), vel=(-0.454912,3.446210)}
particle={pos=(0.411698,0.949398), vel=(-0.415833,3.369271)}
particle={pos=(0.410821,0.967117), vel=(-0.355901,3.292429)}
particle={pos=(0.410115,0.985060), vel=(-0.292498,3.239435)}
particle={pos=(0.408862,1.007701), vel=(-0.212419,3.242207)}
particle={pos=(0.405741,1.034507), vel=(-0.134843,3.285050)}
particle={pos=(0.401620,1.061925), vel=(-0.064935,3.343263)}
particle={pos=(0.395269,1.090646), vel=(-0.006015,3.409992)}
particle={pos=(0.391306,1.119965), vel=(0.079184,3.478121)}
particle={pos=(0.386828,1.144448), vel=(0.155348,3.524774)}
particle={pos=(0.380573,1.166706), vel=(0.225480,3.561508)}
particle={pos=(0.373215,1.186170), vel=(0.290554,3.584368)}
particle={pos=(0.365763,1.202377), vel=(0.351483,3.593215)}
particle={pos=(0.357134,1.216641), vel=(0.402973,3.590336)}
particle={pos=(0.347691,1.227465), vel=(0.434151,3.570704)}
particle={pos=(0.338561,1.236943), vel=(0.465473,3.544484)}
particle={pos=(0.330483,1.248367), vel=(0.504178,3.530366)}
particle={pos=(0.322193,1.259640), vel=(0.527415,3.508266)}
particle={pos=(0.313730,1.274404), vel=(0.523629,3.492988)}
particle={pos=(0.304618,1.294001), vel=(0.501871,3.490634)}
particle={pos=(0.295574,1.315241), vel=(0.449818,3.480613)}
particle={pos=(0.286387,1.338837), vel=(0.382694,3.467191)}
particle={pos=(0.277751,1.360664), vel=(0.312774,3.441648)}
particle={pos=(0.271277,1.378639), vel=(0.251206,3.390042)}
particle={pos=(0.265784,1.395258), vel=(0.221239,3.339354)}
particle={pos=(0.259135,1.410317), vel=(0.205478,3.279391)}
particle={pos=(0.250682,1.425506), vel=(0.218855,3.228534)}
particle={pos=(0.240118,1.441987), vel=(0.276566,3.194712)}
particle={pos=(0.231514,1.457022), vel=(0.370718,3.171784)}
particle={pos=(0.223487,1.470021), vel=(0.497173,3.166757)}
particle={pos=(0.215638,1.480114), vel=(0.642653,3.162653)}
particle={pos=(0.208208,1.487594), vel=(0.808434,3.173830)}
particle={pos=(0.203638,1.492819), vel=(0.972766,3.186904)}
particle={pos=(0.203244,1.493529), vel=(1.111956,3.171716)}
particle={pos=(0.201267,1.493871), vel=(1.247956,3.167610)}
particle={pos=(0.194962,1.495796), vel=(1.378420,3.177339)}
particle={pos=(0.187549,1.495973), vel=(1.485768,3.159414)}
particle={pos=(0.181666,1.494064), vel=(1.568270,3.117751)}
particle={pos=(0.174410,1.492386), vel=(1.638867,3.074488)}
particle={pos=(0.172975,1.486690), vel=(1.681654,2.975960)}
particle={pos=(0.177660,1.477585), vel=(1.705411,2.833888)}
particle={pos=(0.187097,1.467157), vel=(1.719616,2.668876)}
particle={pos=(0.201461,1.456127), vel=(1.732028,2.491858)}
particle={pos=(0.220513,1.445141), vel=(1.756831,2.280120)}
particle={pos=(0.238887,1.434947), vel=(1.825448,2.072965)}
particle={pos=(0.252881,1.426855), vel=(1.969069,1.910398)}
particle={pos=(0.266685,1.416400), vel=(2.166741,1.773728)}
particle={pos=(0.281457,1.402136), vel=(2.416407,1.680930)}
particle={pos=(0.299472,1.383499), vel=(2.652472,1.622500)}
particle={pos=(0.317708,1.361880), vel=(2.874748,1.614013)}
particle={pos=(0.332844,1.343228), vel=(3.080536,1.654296)}
particle={pos=(0.346157,1.328929), vel=(3.235101,1.687132)}
particle={pos=(0.362140,1.317416), vel=(3.297015,1.676328)}
particle={pos=(0.382027,1.305589), vel=(3.289786,1.619009)}
particle={pos=(0.407515,1.290881), vel=(3.198604,1.489661)}
particle={pos=(0.438380,1.270344), vel=(3.026145,1.278186)}
particle={pos=(0.471530,1.244182), vel=(2.840546,1.023876)}
particle={pos=(0.509725,1.210742), vel=(2.631604,0.747179)}
particle={pos=(0.543466,1.182877), vel=(2.433621,0.530824)}
particle={pos=(0.577291,1.155747), vel=(2.213326,0.348219)}
particle={pos=(0.602863,1.136346), vel=(1.935591,0.266902)}
particle={pos=(0.619175,1.124641), vel=(1.602166,0.273262)}
particle={pos=(0.630978,1.117034), vel=(1.264817,0.318686)}
particle={pos=(0.638938,1.111719), vel=(0.940145,0.381433)}
particle={pos=(0.643841,1.104548), vel=(0.622071,0.448272)}
particle={pos=(0.648853,1.093338), vel=(0.330801,0.506969)}
particle={pos=(0.659747,1.072441), vel=(0.106893,0.527660)}
particle={pos=(0.678089,1.043347), vel=(-0.028201,0.501740)}
particle={pos=(0.696216,1.010698), vel=(-0.148822,0.462315)}
particle={pos=(0.711276,0.977925), vel=(-0.278764,0.423875)}
particle={pos=(0.723506,0.948278), vel=(-0.422899,0.419362)}
particle={pos=(0.728891,0.922725), vel=(-0.596706,0.464446)}
particle={pos=(0.729174,0.902379), vel=(-0.782811,0.544390)}
particle={pos=(0.723649,0.887220), vel=(-0.987901,0.649642)}
particle={pos=(0.712232,0.878301), vel=(-1.196667,0.758315)}
particle={pos=(0.696776,0.874049), vel=(-1.410164,0.879459)}
particle={pos=(0.673914,0.872747), vel=(-1.632263,1.009854)}
particle={pos=(0.649700,0.875437), vel=(-1.840206,1.135677)}
particle={pos=(0.620936,0.880553), vel=(-2.043717,1.257624)}
particle={pos=(0.590250,0.887380), vel=(-2.246926,1.378082)}
particle={pos=(0.552991,0.895216), vel=(-2.481414,1.494637)}
particle={pos=(0.510892,0.903383), vel=(-2.751513,1.594453)}
particle={pos=(0.462223,0.911721), vel=(-3.004975,1.628686)}
particle={pos=(0.406910,0.917838), vel=(-3.115166,1.577042)}
particle={pos=(0.346327,0.920146), vel=(-3.044467,1.473535)}
particle={pos=(0.280700,0.915378), vel=(-2.735126,1.337576)}
particle={pos=(0.215830,0.910247), vel=(-2.352521,1.391272)}
particle={pos=(0.168095,0.907990), vel=(-1.865526,1.520496)}
particle={pos=(0.139718,0.909764), vel=(-1.368139,1.644316)}
particle={pos=(0.127021,0.913395), vel=(-0.891330,1.742002)}
particle={pos=(0.129121,0.916097), vel=(-0.468122,1.796495)}
particle={pos=(0.140401,0.916048), vel=(-0.113522,1.815462)}
particle={pos=(0.154733,0.912345), vel=(0.167947,1.816865)}
particle={pos=(0.169831,0.905959), vel=(0.393659,1.812362)}
particle={pos=(0.184369,0.898226), vel=(0.567590,1.804163)}
particle={pos=(0.198025,0.890679), vel=(0.690535,1.787440)}
particle={pos=(0.209973,0.884023), vel=(0.767660,1.763868)}
particle={pos=(0.220760,0.878135), vel=(0.815496,1.732320)}
particle={pos=(0.229533,0.873276), vel=(0.833733,1.690150)}
particle={pos=(0.236972,0.869550), vel=(0.835713,1.639557)}
particle={pos=(0.243363,0.866349), vel=(0.824048,1.580980)}
particle={pos=(0.248912,0.863625), vel=(0.808277,1.517079)}
particle={pos=(0.254683,0.861145), vel=(0.795488,1.445969)}
particle={pos=(0.260352,0.858867), vel=(0.786224,1.367963)}
particle={pos=(0.266203,0.856525), vel=(0.780012,1.283255)}
particle={pos=(0.272651,0.854055), vel=(0.780202,1.194984)}
particle={pos=(0.280081,0.852230), vel=(0.790495,1.102002)}
particle={pos=(0.288029,0.851188), vel=(0.802585,1.005134)}
particle={pos=(0.296822,0.851141), vel=(0.824139,0.907804)}
particle={pos=(0.306399,0.852777), vel=(0.851984,0.805852)}
particle={pos=(0.316186,0.856736), vel=(0.885600,0.702374)}
particle={pos=(0.326634,0.863502), vel=(0.931084,0.593796)}
particle={pos=(0.337475,0.874971), vel=(0.997732,0.485402)}
particle={pos=(0.349649,0.892203), vel=(1.090555,0.399544)}
particle={pos=(0.362548,0.914717), vel=(1.221362,0.356395)}
particle={pos=(0.375013,0.941906), vel=(1.381643,0.379870)}
particle={pos=(0.384754,0.970513), vel=(1.560796,0.452124)}
particle={pos=(0.389493,1.000692), vel=(1.748401,0.574882)}
particle={pos=(0.385792,1.031630), vel=(1.930382,0.738381)}
particle={pos=(0.369747,1.062029), vel=(2.067295,0.945549)}
particle={pos=(0.336424,1.090803), vel=(2.128548,1.193347)}
particle={pos=(0.287997,1.114832), vel=(2.032100,1.417841)}
particle={pos=(0.229851,1.135001), vel=(1.802615,1.617057)}
particle={pos=(0.166290,1.149860), vel=(1.488740,1.793733)}
particle={pos=(0.104007,1.160802), vel=(1.085837,1.943539)}
particle={pos=(0.054785,1.168686), vel=(0.605554,2.065296)}
particle={pos=(0.028645,1.172960), vel=(0.084088,2.157419)}
particle={pos=(0.021594,1.172474), vel=(-0.400080,2.246038)}
particle={pos=(0.026024,1.166382), vel=(-0.834735,2.343234)}
particle={pos=(0.041284,1.154172), vel=(-1.216682,2.437203)}
particle={pos=(0.064870,1.131920), vel=(-1.567957,2.522957)}
particle={pos=(0.095969,1.098436), vel=(-1.912747,2.586058)}
particle={pos=(0.130766,1.049519), vel=(-2.233860,2.602757)}
particle={pos=(0.164856,0.982632), vel=(-2.538075,2.630114)}
particle={pos=(0.180494,0.909226), vel=(-2.589955,2.777069)}
particle={pos=(0.172880,0.835172), vel=(-2.406970,2.919275)}
particle={pos=(0.160993,0.757222), vel=(-2.314492,2.803021)}
particle={pos=(0.145958,0.679286), vel=(-2.260729,2.548302)}
particle={pos=(0.135044,0.606581), vel=(-2.221962,2.252529)}
particle={pos=(0.137191,0.555531), vel=(-2.352763,2.031132)}
particle={pos=(0.167436,0.533905), vel=(-2.820550,1.943257)}
particle={pos=(0.224803,0.529153), vel=(-3.261762,1.862401)}
particle={pos=(0.294379,0.529033), vel=(-3.403893,1.708901)}
particle={pos=(0.361638,0.531967), vel=(-3.341324,1.516819)}
particle={pos=(0.415817,0.537438), vel=(-3.199739,1.306879)}
particle={pos=(0.458579,0.546906), vel=(-3.033550,1.096304)}
particle={pos=(0.496804,0.565809), vel=(-2.863016,0.885051)}
particle={pos=(0.533873,0.596639), vel=(-2.662833,0.654472)}
particle={pos=(0.571500,0.629414), vel=(-2.412152,0.367389)}
particle={pos=(0.615813,0.670762), vel=(-2.085390,0.032414)}
particle={pos=(0.640857,0.738311), vel=(-1.808822,-0.338007)}
particle={pos=(0.603857,0.872264), vel=(-1.722342,-0.682069)}
particle={pos=(0.515732,1.030627), vel=(-1.584979,-0.843820)}
particle={pos=(0.471493,1.144906), vel=(-0.873252,-1.034732)}
particle={pos=(0.462418,1.222263), vel=(-0.533913,-1.026839)}
particle={pos=(0.475747,1.277343), vel=(-0.372736,-1.020216)}
particle={pos=(0.503205,1.331902), vel=(-0.115512,-0.939377)}
particle={pos=(0.509099,1.392314), vel=(0.363332,-0.684036)}
particle={pos=(0.450956,1.449118), vel=(0.902556,-0.299007)}
particle={pos=(0.356350,1.478054), vel=(1.168270,0.019188)}
particle={pos=(0.269011,1.484087), vel=(1.283086,0.300714)}
particle={pos=(0.180737,1.470614), vel=(1.502079,0.781318)}
particle={pos=(0.096562,1.461280), vel=(1.328524,1.391406)}
particle={pos=(0.038144,1.516706), vel=(0.528508,1.965782)}
particle={pos=(0.013205,1.580767), vel=(0.048571,2.635054)}
